0 info it worked if it ends with ok
1 verbose cli [ 'E:\\software\\nodejs\\node.exe',
1 verbose cli   'E:\\software\\nodejs\\node_modules\\npm\\bin\\npm-cli.js',
1 verbose cli   'run-script',
1 verbose cli   'build' ]
2 info using npm@3.10.3
3 info using node@v6.3.1
4 verbose run-script [ 'prebuild', 'build', 'postbuild' ]
5 info lifecycle vidahouseWeb@1.0.0~prebuild: vidahouseWeb@1.0.0
6 silly lifecycle vidahouseWeb@1.0.0~prebuild: no script for prebuild, continuing
7 info lifecycle vidahouseWeb@1.0.0~build: vidahouseWeb@1.0.0
8 verbose lifecycle vidahouseWeb@1.0.0~build: unsafe-perm in lifecycle true
9 verbose lifecycle vidahouseWeb@1.0.0~build: PATH: E:\software\nodejs\node_modules\npm\bin\node-gyp-bin;D:\VidaHouse\Html\2016-09-19\designer_page_03\node_modules\.bin;E:\software\nodejs;C:\windows\system32;C:\windows;C:\windows\System32\Wbem;C:\windows\System32\WindowsPowerShell\v1.0\;C:\Program Files (x86)\NVIDIA Corporation\PhysX\Common;E:\software\mysql\bin;C:\Program Files (x86)\Microsoft SQL Server\100\Tools\Binn\;C:\Program Files\Microsoft SQL Server\100\Tools\Binn\;C:\Program Files\Microsoft SQL Server\100\DTS\Binn\;C:\Program Files (x86)\Microsoft SQL Server\100\Tools\Binn\VSShell\Common7\IDE\;C:\Program Files (x86)\Microsoft Visual Studio 9.0\Common7\IDE\PrivateAssemblies\;C:\Program Files (x86)\Microsoft SQL Server\100\DTS\Binn\;C:\Program Files (x86)\Windows Kits\8.1\Windows Performance Toolkit\;C:\Program Files\Microsoft SQL Server\110\Tools\Binn\;C:\Program Files (x86)\MySQL\MySQL Fabric 1.5 & MySQL Utilities 1.5\;C:\Program Files (x86)\MySQL\MySQL Fabric 1.5 & MySQL Utilities 1.5\Doctrine extensions for PHP\;C:\software\nodejs\;E:\software\nodejs\;C:\MinGW\bin;E:\software\understand/bin/pc-win64;C:\Users\Admin\AppData\Local\Programs\Python\Python35\Scripts\;C:\Users\Admin\AppData\Local\Programs\Python\Python35\;C:\Users\Admin\AppData\Roaming\npm;E:\software\SmartGit\git\bin
10 verbose lifecycle vidahouseWeb@1.0.0~build: CWD: D:\VidaHouse\Html\2016-09-19\designer_page_03
11 silly lifecycle vidahouseWeb@1.0.0~build: Args: [ '/d /s /c',
11 silly lifecycle   'set NODE_ENV=production&& webpack -p --display-error-details' ]
12 silly lifecycle vidahouseWeb@1.0.0~build: Returned: code: 1  signal: null
13 info lifecycle vidahouseWeb@1.0.0~build: Failed to exec build script
14 verbose stack Error: vidahouseWeb@1.0.0 build: `set NODE_ENV=production&& webpack -p --display-error-details`
14 verbose stack Exit status 1
14 verbose stack     at EventEmitter.<anonymous> (E:\software\nodejs\node_modules\npm\lib\utils\lifecycle.js:242:16)
14 verbose stack     at emitTwo (events.js:106:13)
14 verbose stack     at EventEmitter.emit (events.js:191:7)
14 verbose stack     at ChildProcess.<anonymous> (E:\software\nodejs\node_modules\npm\lib\utils\spawn.js:40:14)
14 verbose stack     at emitTwo (events.js:106:13)
14 verbose stack     at ChildProcess.emit (events.js:191:7)
14 verbose stack     at maybeClose (internal/child_process.js:852:16)
14 verbose stack     at Process.ChildProcess._handle.onexit (internal/child_process.js:215:5)
15 verbose pkgid vidahouseWeb@1.0.0
16 verbose cwd D:\VidaHouse\Html\2016-09-19\designer_page_03
17 error Windows_NT 6.1.7601
18 error argv "E:\\software\\nodejs\\node.exe" "E:\\software\\nodejs\\node_modules\\npm\\bin\\npm-cli.js" "run-script" "build"
19 error node v6.3.1
20 error npm  v3.10.3
21 error code ELIFECYCLE
22 error vidahouseWeb@1.0.0 build: `set NODE_ENV=production&& webpack -p --display-error-details`
22 error Exit status 1
23 error Failed at the vidahouseWeb@1.0.0 build script 'set NODE_ENV=production&& webpack -p --display-error-details'.
23 error Make sure you have the latest version of node.js and npm installed.
23 error If you do, this is most likely a problem with the vidahouseWeb package,
23 error not with npm itself.
23 error Tell the author that this fails on your system:
23 error     set NODE_ENV=production&& webpack -p --display-error-details
23 error You can get information on how to open an issue for this project with:
23 error     npm bugs vidahouseWeb
23 error Or if that isn't available, you can get their info via:
23 error     npm owner ls vidahouseWeb
23 error There is likely additional logging output above.
24 verbose exit [ 1, true ]
